<?xml version="1.0" encoding="UTF-8"?>
<testsuite xmlns:xsi="http://www.w3.org/2001/XMLSchema-instance" xsi:noNamespaceSchemaLocation="https://maven.apache.org/surefire/maven-surefire-plugin/xsd/surefire-test-report.xsd" name="com.codelink.AppTest" time="0.033" tests="1" errors="0" skipped="0" failures="0">
  <properties>
    <property name="sun.desktop" value="windows"/>
    <property name="awt.toolkit" value="sun.awt.windows.WToolkit"/>
    <property name="file.encoding.pkg" value="sun.io"/>
    <property name="java.specification.version" value="1.8"/>
    <property name="sun.cpu.isalist" value="amd64"/>
    <property name="sun.jnu.encoding" value="GBK"/>
    <property name="java.class.path" value="D:\projectfile\TimeServer\TimeServer\commonbeans\target\test-classes;D:\projectfile\TimeServer\TimeServer\commonbeans\target\classes;D:\repository2\junit\junit\4.12\junit-4.12.jar;D:\repository2\org\hamcrest\hamcrest-core\1.3\hamcrest-core-1.3.jar;"/>
    <property name="java.vm.vendor" value="Oracle Corporation"/>
    <property name="sun.arch.data.model" value="64"/>
    <property name="user.variant" value=""/>
    <property name="java.vendor.url" value="http://java.oracle.com/"/>
    <property name="user.timezone" value="Asia/Shanghai"/>
    <property name="java.vm.specification.version" value="1.8"/>
    <property name="os.name" value="Windows 10"/>
    <property name="user.country" value="CN"/>
    <property name="sun.java.launcher" value="SUN_STANDARD"/>
    <property name="sun.boot.library.path" value="C:\java8\jre\bin"/>
    <property name="sun.java.command" value="C:\Users\lihaojie\AppData\Local\Temp\surefire6628493048606403226\surefirebooter5289770530592541214.jar C:\Users\lihaojie\AppData\Local\Temp\surefire6628493048606403226 2020-01-24T22-06-31_620-jvmRun1 surefire2173685145111984034tmp surefire_12370114642972476418tmp"/>
    <property name="surefire.test.class.path" value="D:\projectfile\TimeServer\TimeServer\commonbeans\target\test-classes;D:\projectfile\TimeServer\TimeServer\commonbeans\target\classes;D:\repository2\junit\junit\4.12\junit-4.12.jar;D:\repository2\org\hamcrest\hamcrest-core\1.3\hamcrest-core-1.3.jar;"/>
    <property name="sun.cpu.endian" value="little"/>
    <property name="user.home" value="C:\Users\lihaojie"/>
    <property name="user.language" value="zh"/>
    <property name="java.specification.vendor" value="Oracle Corporation"/>
    <property name="java.home" value="C:\java8\jre"/>
    <property name="basedir" value="D:\projectfile\TimeServer\TimeServer\commonbeans"/>
    <property name="file.separator" value="\"/>
    <property name="line.separator" value="&#10;"/>
    <property name="java.vm.specification.vendor" value="Oracle Corporation"/>
    <property name="java.specification.name" value="Java Platform API Specification"/>
    <property name="java.awt.graphicsenv" value="sun.awt.Win32GraphicsEnvironment"/>
    <property name="surefire.real.class.path" value="C:\Users\lihaojie\AppData\Local\Temp\surefire6628493048606403226\surefirebooter5289770530592541214.jar"/>
    <property name="sun.boot.class.path" value="C:\java8\jre\lib\resources.jar;C:\java8\jre\lib\rt.jar;C:\java8\jre\lib\sunrsasign.jar;C:\java8\jre\lib\jsse.jar;C:\java8\jre\lib\jce.jar;C:\java8\jre\lib\charsets.jar;C:\java8\jre\lib\jfr.jar;C:\java8\jre\classes"/>
    <property name="user.script" value=""/>
    <property name="sun.management.compiler" value="HotSpot 64-Bit Tiered Compilers"/>
    <property name="java.runtime.version" value="1.8.0_201-b09"/>
    <property name="user.name" value="lihaojie"/>
    <property name="path.separator" value=";"/>
    <property name="os.version" value="10.0"/>
    <property name="java.endorsed.dirs" value="C:\java8\jre\lib\endorsed"/>
    <property name="java.runtime.name" value="Java(TM) SE Runtime Environment"/>
    <property name="file.encoding" value="GBK"/>
    <property name="java.vm.name" value="Java HotSpot(TM) 64-Bit Server VM"/>
    <property name="localRepository" value="D:\repository2"/>
    <property name="java.vendor.url.bug" value="http://bugreport.sun.com/bugreport/"/>
    <property name="java.io.tmpdir" value="C:\Users\lihaojie\AppData\Local\Temp\"/>
    <property name="java.version" value="1.8.0_201"/>
    <property name="user.dir" value="D:\projectfile\TimeServer\TimeServer\commonbeans"/>
    <property name="os.arch" value="amd64"/>
    <property name="java.vm.specification.name" value="Java Virtual Machine Specification"/>
    <property name="java.awt.printerjob" value="sun.awt.windows.WPrinterJob"/>
    <property name="sun.os.patch.level" value=""/>
    <property name="java.library.path" value="C:\java8\jre\bin;C:\WINDOWS\Sun\Java\bin;C:\WINDOWS\system32;C:\WINDOWS;C:\Program Files (x86)\Common Files\Oracle\Java\javapath;D:\xftp\;D:\xshell\;C:\Program Files (x86)\Intel\Intel(R) Management Engine Components\iCLS\;C:\Program Files\Intel\Intel(R) Management Engine Components\iCLS\;C:\Windows\system32;C:\Windows;C:\Windows\System32\Wbem;C:\Windows\System32\WindowsPowerShell\v1.0\;C:\Windows\System32\OpenSSH\;C:\Program Files (x86)\NVIDIA Corporation\PhysX\Common;C:\Program Files (x86)\Intel\Intel(R) Management Engine Components\DAL;C:\Program Files\Intel\Intel(R) Management Engine Components\DAL;C:\Program Files (x86)\Intel\Intel(R) Management Engine Components\IPT;C:\Program Files\Intel\Intel(R) Management Engine Components\IPT;D:\apache-maven-3.6.3\bin;D:\mysql-5.7.23\bin;C:\Program Files\NVIDIA Corporation\NVIDIA NvDLISR;D:\git\Git\cmd;D:\lua;D:\ffmpeg\bin;D:\goprogramm\bin;D:\apache-ant-1.10.6\bin;C:\java8\bin;C:\java8\jre\bin;C:\WINDOWS\system32;C:\WINDOWS;C:\WINDOWS\System32\Wbem;C:\WINDOWS\System32\WindowsPowerShell\v1.0\;C:\WINDOWS\System32\OpenSSH\;D:\R\R-3.6.1\bin;D:\nodejs\;C:\Users\lihaojie\AppData\Local\Android\Sdk\platform-tools;C:\Users\lihaojie\AppData\Local\Android\Sdk\tools;D:\mingw\bin;D:\gitgui\bin;D:\svn\bin;D:\Apache-Subversion-1.13.0\bin;C:\Users\lihaojie\AppData\Local\Microsoft\WindowsApps;D:\Apache-Subversion-1.13.0\bin;D:\vscode\Microsoft VS Code\bin;C:\java8\bin;D:\apache-maven-3.6.3\bin;D:\mysql-5.7.23\bin;D:\DataGrip 2018.3.3\bin;;C:\Users\lihaojie\AppData\Local\Programs\Microsoft VS Code\bin;C:\Users\lihaojie\go\bin;D:\goland\GoLand 2019.1.3\bin;;C:\Users\lihaojie\AppData\Roaming\npm;D:\nodejs\node_cache;D:\mingw\bin;D:\svn\bin;;."/>
    <property name="idea.version2019.3.2" value="true"/>
    <property name="java.vm.info" value="mixed mode"/>
    <property name="java.vendor" value="Oracle Corporation"/>
    <property name="java.vm.version" value="25.201-b09"/>
    <property name="java.ext.dirs" value="C:\java8\jre\lib\ext;C:\WINDOWS\Sun\Java\lib\ext"/>
    <property name="sun.io.unicode.encoding" value="UnicodeLittle"/>
    <property name="java.class.version" value="52.0"/>
  </properties>
  <testcase name="shouldAnswerWithTrue" classname="com.codelink.AppTest" time="0"/>
</testsuite>